0 info it worked if it ends with ok
1 verbose cli [ 'D:\\nodejs\\node.exe',
1 verbose cli   'D:\\nodejs\\node_modules\\npm\\bin\\npm-cli.js',
1 verbose cli   'run',
1 verbose cli   'dev' ]
2 info using npm@4.0.5
3 info using node@v7.4.0
4 verbose run-script [ 'predev', 'dev', 'postdev' ]
5 info lifecycle shencom-web-oms@0.0.1-3~predev: shencom-web-oms@0.0.1-3
6 silly lifecycle shencom-web-oms@0.0.1-3~predev: no script for predev, continuing
7 info lifecycle shencom-web-oms@0.0.1-3~dev: shencom-web-oms@0.0.1-3
8 verbose lifecycle shencom-web-oms@0.0.1-3~dev: unsafe-perm in lifecycle true
9 verbose lifecycle shencom-web-oms@0.0.1-3~dev: PATH: D:\nodejs\node_modules\npm\bin\node-gyp-bin;F:\Java\project\site-scaffolding\web-manager\web\src\node_modules\.bin;C:\Program Files (x86)\Common Files\NetSarang;C:\Program Files (x86)\NVIDIA Corporation\PhysX\Common;C:\Program Files (x86)\Intel\iCLS Client\;C:\Program Files\Intel\iCLS Client\;C:\WINDOWS\system32;C:\WINDOWS;C:\WINDOWS\System32\Wbem;C:\WINDOWS\System32\WindowsPowerShell\v1.0\;C:\Program Files\Intel\Intel(R) Management Engine Components\DAL;C:\Program Files\Intel\Intel(R) Management Engine Components\IPT;C:\Program Files (x86)\Intel\Intel(R) Management Engine Components\DAL;C:\Program Files (x86)\Intel\Intel(R) Management Engine Components\IPT;C:\Program Files (x86)\Intel\OpenCL SDK\3.0\bin\x86;C:\Program Files (x86)\Intel\OpenCL SDK\3.0\bin\x64;D:\Java\jdk1.8.0_60\bin;F:\Java\maven\maven-3.05\bin;D:\MySql\mysql-5.5.27-win32\bin;D:\senchaCmd\5.0.0.160\Sencha\Cmd\5.0.0.160\;F:\node.js\npm\node_global;D:\Git\cmd;D:\GNU\GnuPG\pub;D:\nodejs\;D:\Program Files\TortoiseGit\bin;D:\Microsoft VS Code\bin;C:\Users\msi\AppData\Local\Microsoft\WindowsApps;C:\Users\msi\AppData\Roaming\npm
10 verbose lifecycle shencom-web-oms@0.0.1-3~dev: CWD: F:\Java\project\site-scaffolding\web-manager\web\src
11 silly lifecycle shencom-web-oms@0.0.1-3~dev: Args: [ '/d /s /c', 'cooking watch' ]
12 silly lifecycle shencom-web-oms@0.0.1-3~dev: Returned: code: 1  signal: null
13 info lifecycle shencom-web-oms@0.0.1-3~dev: Failed to exec dev script
14 verbose stack Error: shencom-web-oms@0.0.1-3 dev: `cooking watch`
14 verbose stack Exit status 1
14 verbose stack     at EventEmitter.<anonymous> (D:\nodejs\node_modules\npm\lib\utils\lifecycle.js:279:16)
14 verbose stack     at emitTwo (events.js:106:13)
14 verbose stack     at EventEmitter.emit (events.js:191:7)
14 verbose stack     at ChildProcess.<anonymous> (D:\nodejs\node_modules\npm\lib\utils\spawn.js:40:14)
14 verbose stack     at emitTwo (events.js:106:13)
14 verbose stack     at ChildProcess.emit (events.js:191:7)
14 verbose stack     at maybeClose (internal/child_process.js:885:16)
14 verbose stack     at Process.ChildProcess._handle.onexit (internal/child_process.js:226:5)
15 verbose pkgid shencom-web-oms@0.0.1-3
16 verbose cwd F:\Java\project\site-scaffolding\web-manager\web\src
17 error Windows_NT 10.0.14393
18 error argv "D:\\nodejs\\node.exe" "D:\\nodejs\\node_modules\\npm\\bin\\npm-cli.js" "run" "dev"
19 error node v7.4.0
20 error npm  v4.0.5
21 error code ELIFECYCLE
22 error shencom-web-oms@0.0.1-3 dev: `cooking watch`
22 error Exit status 1
23 error Failed at the shencom-web-oms@0.0.1-3 dev script 'cooking watch'.
23 error Make sure you have the latest version of node.js and npm installed.
23 error If you do, this is most likely a problem with the shencom-web-oms package,
23 error not with npm itself.
23 error Tell the author that this fails on your system:
23 error     cooking watch
23 error You can get information on how to open an issue for this project with:
23 error     npm bugs shencom-web-oms
23 error Or if that isn't available, you can get their info via:
23 error     npm owner ls shencom-web-oms
23 error There is likely additional logging output above.
24 verbose exit [ 1, true ]
